<?xml version="1.0" encoding="UTF-8"?>
<!-- Generated by org.testng.reporters.JUnitReportReporter -->
<testsuite hostname="DESKTOP-J58RQGC" failures="0" tests="27" name="Tests.Ecommerce" time="20.775" errors="1" timestamp="2023-10-02T12:20:06 IST" skipped="26">
  <testcase classname="Tests.Ecommerce" name="PlaceOrderRegBeforeCheckout" time="0.000">
    <skipped/>
  </testcase> <!-- PlaceOrderRegBeforeCheckout -->
  <system-out/>
  <testcase classname="Tests.Ecommerce" name="SearchProductPage" time="0.000">
    <skipped/>
  </testcase> <!-- SearchProductPage -->
  <system-out/>
  <testcase classname="Tests.Ecommerce" name="LoginUserInCorrect" time="0.000">
    <skipped/>
  </testcase> <!-- LoginUserInCorrect -->
  <system-out/>
  <testcase classname="Tests.Ecommerce" name="PlaceOrderLoginBeforeCheckout" time="0.000">
    <skipped/>
  </testcase> <!-- PlaceOrderLoginBeforeCheckout -->
  <system-out/>
  <testcase classname="Tests.Ecommerce" name="AddReview" time="0.000">
    <skipped/>
  </testcase> <!-- AddReview -->
  <system-out/>
  <testcase classname="Tests.Ecommerce" name="VerifyTestCasePage" time="0.000">
    <skipped/>
  </testcase> <!-- VerifyTestCasePage -->
  <system-out/>
  <testcase classname="Tests.Ecommerce" name="VerifyScrollUpUsingArrow" time="0.000">
    <skipped/>
  </testcase> <!-- VerifyScrollUpUsingArrow -->
  <system-out/>
  <testcase classname="Tests.Ecommerce" name="AddProduct" time="0.000">
    <skipped/>
  </testcase> <!-- AddProduct -->
  <system-out/>
  <testcase classname="Tests.Ecommerce" name="setup" time="20.775">
    <error message="Receiver class org.openqa.selenium.chrome.ChromeDriverService$Builder does not define or inherit an implementation of the resolved method &#039;abstract void loadSystemProperties()&#039; of abstract class org.openqa.selenium.remote.service.DriverService$Builder." type="java.lang.AbstractMethodError">
      <![CDATA[java.lang.AbstractMethodError: Receiver class org.openqa.selenium.chrome.ChromeDriverService$Builder does not define or inherit an implementation of the resolved method 'abstract void loadSystemProperties()' of abstract class org.openqa.selenium.remote.service.DriverService$Builder.
at org.openqa.selenium.remote.service.DriverService$Builder.build(DriverService.java:491)
at org.openqa.selenium.chrome.ChromeDriverService.createDefaultService(ChromeDriverService.java:94)
at org.openqa.selenium.chrome.ChromeDriver.<init>(ChromeDriver.java:123)
at Utilities.Driver.init(Driver.java:13)
at Utilities.Driver.getDriver(Driver.java:18)
at Tests.BaseTest.setup(BaseTest.java:25)
at java.base/jdk.internal.reflect.NativeMethodAccessorImpl.invoke0(Native Method)
at java.base/jdk.internal.reflect.NativeMethodAccessorImpl.invoke(NativeMethodAccessorImpl.java:62)
at java.base/jdk.internal.reflect.DelegatingMethodAccessorImpl.invoke(DelegatingMethodAccessorImpl.java:43)
at java.base/java.lang.reflect.Method.invoke(Method.java:564)
at org.testng.internal.MethodInvocationHelper.invokeMethod(MethodInvocationHelper.java:133)
at org.testng.internal.MethodInvocationHelper.invokeMethodConsideringTimeout(MethodInvocationHelper.java:62)
at org.testng.internal.ConfigInvoker.invokeConfigurationMethod(ConfigInvoker.java:385)
at org.testng.internal.ConfigInvoker.invokeConfigurations(ConfigInvoker.java:321)
at org.testng.internal.TestMethodWorker.invokeBeforeClassMethods(TestMethodWorker.java:176)
at org.testng.internal.TestMethodWorker.run(TestMethodWorker.java:122)
at java.base/java.util.ArrayList.forEach(ArrayList.java:1511)
at org.testng.TestRunner.privateRun(TestRunner.java:794)
at org.testng.TestRunner.run(TestRunner.java:596)
at org.testng.SuiteRunner.runTest(SuiteRunner.java:377)
at org.testng.SuiteRunner.runSequentially(SuiteRunner.java:371)
at org.testng.SuiteRunner.privateRun(SuiteRunner.java:332)
at org.testng.SuiteRunner.run(SuiteRunner.java:276)
at org.testng.SuiteRunnerWorker.runSuite(SuiteRunnerWorker.java:53)
at org.testng.SuiteRunnerWorker.run(SuiteRunnerWorker.java:96)
at org.testng.TestNG.runSuitesSequentially(TestNG.java:1212)
at org.testng.TestNG.runSuitesLocally(TestNG.java:1134)
at org.testng.TestNG.runSuites(TestNG.java:1063)
at org.testng.TestNG.run(TestNG.java:1031)
at org.testng.remote.AbstractRemoteTestNG.run(AbstractRemoteTestNG.java:115)
at org.testng.remote.RemoteTestNG.initAndRun(RemoteTestNG.java:251)
at org.testng.remote.RemoteTestNG.main(RemoteTestNG.java:77)
]]>
    </error>
  </testcase> <!-- setup -->
  <system-out/>
  <testcase classname="Tests.Ecommerce" name="VerifyProductDetailPage" time="0.000">
    <skipped/>
  </testcase> <!-- VerifyProductDetailPage -->
  <system-out/>
  <testcase classname="Tests.Ecommerce" name="VerifyCartAfterLogin" time="0.000">
    <skipped/>
  </testcase> <!-- VerifyCartAfterLogin -->
  <system-out/>
  <testcase classname="Tests.Ecommerce" name="VerifySubscriptionCartPage" time="0.000">
    <skipped/>
  </testcase> <!-- VerifySubscriptionCartPage -->
  <system-out/>
  <testcase classname="Tests.Ecommerce" name="RegisterWithExistingEmail" time="0.000">
    <skipped/>
  </testcase> <!-- RegisterWithExistingEmail -->
  <system-out/>
  <testcase classname="Tests.Ecommerce" name="LoginUserCorrect" time="0.000">
    <skipped/>
  </testcase> <!-- LoginUserCorrect -->
  <system-out/>
  <testcase classname="Tests.Ecommerce" name="RegisterUser" time="0.000">
    <skipped/>
  </testcase> <!-- RegisterUser -->
  <system-out/>
  <testcase classname="Tests.Ecommerce" name="ContactUs" time="0.000">
    <skipped/>
  </testcase> <!-- ContactUs -->
  <system-out/>
  <testcase classname="Tests.Ecommerce" name="LogOutUser" time="0.000">
    <skipped/>
  </testcase> <!-- LogOutUser -->
  <system-out/>
  <testcase classname="Tests.Ecommerce" name="VerifyDetailsCheckout" time="0.000">
    <skipped/>
  </testcase> <!-- VerifyDetailsCheckout -->
  <system-out/>
  <testcase classname="Tests.Ecommerce" name="PlaceOrderRegWhileCheckout" time="0.000">
    <skipped/>
  </testcase> <!-- PlaceOrderRegWhileCheckout -->
  <system-out/>
  <testcase classname="Tests.Ecommerce" name="DownloadInvoice" time="0.000">
    <skipped/>
  </testcase> <!-- DownloadInvoice -->
  <system-out/>
  <testcase classname="Tests.Ecommerce" name="VerifyScrollUpWithoutUsingArrow" time="0.000">
    <skipped/>
  </testcase> <!-- VerifyScrollUpWithoutUsingArrow -->
  <system-out/>
  <testcase classname="Tests.Ecommerce" name="ViewCartBrandProduct" time="0.000">
    <skipped/>
  </testcase> <!-- ViewCartBrandProduct -->
  <system-out/>
  <testcase classname="Tests.Ecommerce" name="VerifyProductQuantity" time="0.000">
    <skipped/>
  </testcase> <!-- VerifyProductQuantity -->
  <system-out/>
  <testcase classname="Tests.Ecommerce" name="VerifySubscriptionPage" time="0.000">
    <skipped/>
  </testcase> <!-- VerifySubscriptionPage -->
  <system-out/>
  <testcase classname="Tests.Ecommerce" name="AddRecomendedItem" time="0.000">
    <skipped/>
  </testcase> <!-- AddRecomendedItem -->
  <system-out/>
  <testcase classname="Tests.Ecommerce" name="RemoveProductFromCart" time="0.000">
    <skipped/>
  </testcase> <!-- RemoveProductFromCart -->
  <system-out/>
  <testcase classname="Tests.Ecommerce" name="ViewCategoryProduct" time="0.000">
    <skipped/>
  </testcase> <!-- ViewCategoryProduct -->
  <system-out/>
</testsuite> <!-- Tests.Ecommerce -->
